<?xml version="1.0" encoding="UTF-8"?>
<testsuite name="EncryptionTest" tests="1" skipped="0" failures="0" errors="0" timestamp="2019-04-11T06:57:52" hostname="moringaschool-Lenovo-V110-15ISK" time="0.196">
  <properties/>
  <testcase name="runCeaserCipher_isEntryString_String" classname="EncryptionTest" time="0.196"/>
  <system-out><![CDATA[]]></system-out>
  <system-err><![CDATA[]]></system-err>
</testsuite>
